[debug] [2018-04-26T16:58:18.279Z] ----------------------------------------------------------------------
[debug] [2018-04-26T16:58:18.280Z] Command:       /usr/local/Cellar/node/9.2.1/bin/node /usr/local/bin/firebase deploy
[debug] [2018-04-26T16:58:18.281Z] CLI Version:   3.17.4
[debug] [2018-04-26T16:58:18.281Z] Platform:      darwin
[debug] [2018-04-26T16:58:18.281Z] Node Version:  v9.2.1
[debug] [2018-04-26T16:58:18.281Z] Time:          Thu Apr 26 2018 12:58:18 GMT-0400 (EDT)
[debug] [2018-04-26T16:58:18.281Z] ----------------------------------------------------------------------
[debug] 
[debug] [2018-04-26T16:58:18.298Z] > command requires scopes: ["email","openid","https://www.googleapis.com/auth/cloudplatformprojects.readonly","https://www.googleapis.com/auth/firebase","https://www.googleapis.com/auth/cloud-platform"]
[debug] [2018-04-26T16:58:18.298Z] > authorizing via signed-in user
[debug] [2018-04-26T16:58:18.300Z] > refreshing access token with scopes: ["email","https://www.googleapis.com/auth/cloud-platform","https://www.googleapis.com/auth/cloudplatformprojects.readonly","https://www.googleapis.com/auth/firebase","openid"]
[debug] [2018-04-26T16:58:18.300Z] >>> HTTP REQUEST POST https://www.googleapis.com/oauth2/v3/token  
 { refresh_token: '1/OJ8GwdaINqRk8C3f0Ue_0RhBH8Oo0YI5zVZnSNyh5zM',
  client_id: '563584335869-fgrhgmd47bqnekij5i8b5pr03ho849e6.apps.googleusercontent.com',
  client_secret: 'j9iVZfS8kkCEFUPaAeJV0sAi',
  grant_type: 'refresh_token',
  scope: 'email https://www.googleapis.com/auth/cloud-platform https://www.googleapis.com/auth/cloudplatformprojects.readonly https://www.googleapis.com/auth/firebase openid' } 
 Thu Apr 26 2018 12:58:18 GMT-0400 (EDT)
[debug] [2018-04-26T16:58:18.499Z] <<< HTTP RESPONSE 200
[debug] [2018-04-26T16:58:18.510Z] >>> HTTP REQUEST GET https://admin.firebase.com/v1/projects/ht-mockup  
  
 Thu Apr 26 2018 12:58:18 GMT-0400 (EDT)
[debug] [2018-04-26T16:58:18.974Z] <<< HTTP RESPONSE 200
[debug] [2018-04-26T16:58:18.975Z] >>> HTTP REQUEST GET https://admin.firebase.com/v1/database/ht-mockup/tokens  
  
 Thu Apr 26 2018 12:58:18 GMT-0400 (EDT)
[debug] [2018-04-26T16:58:20.496Z] <<< HTTP RESPONSE 200
[info] 
[info] === Deploying to 'ht-mockup'...
[info] 
[info] i  deploying hosting
[info] i  hosting: preparing build directory for upload...
[debug] [2018-04-26T16:58:21.154Z] >>> HTTP REQUEST PUT https://deploy.firebase.com/v1/hosting/ht-mockup/uploads/-LB1t2U32Z4SbTbpAuYH?fileCount=15&message=  
  
 Thu Apr 26 2018 12:58:21 GMT-0400 (EDT)
